<?xml version="1.0" encoding="UTF-8"?>
<testng-results ignored="0" total="2" passed="2" failed="0" skipped="0">
  <reporter-output>
  </reporter-output>
  <suite started-at="2024-10-09T13:17:11 GMT+05:30" name="Default suite" finished-at="2024-10-09T13:18:25 GMT+05:30" duration-ms="73860">
    <groups>
      <group name="cucumber">
        <method signature="AbstractTestNGCucumberTests.runScenario(io.cucumber.testng.PickleWrapper,io.cucumber.testng.FeatureWrapper)[pri:0, instance:com.script.runner.PopupFunctionsRunner@79da8dc5]" name="runScenario" class="io.cucumber.testng.AbstractTestNGCucumberTests"/>
      </group> <!-- cucumber -->
    </groups>
    <test started-at="2024-10-09T13:17:11 GMT+05:30" name="Default test" finished-at="2024-10-09T13:18:25 GMT+05:30" duration-ms="73860">
      <class name="com.script.runner.PopupFunctionsRunner">
        <test-method is-config="true" signature="setUpClass()[pri:0, instance:com.script.runner.PopupFunctionsRunner@79da8dc5]" started-at="2024-10-09T13:17:11 GMT+05:30" name="setUpClass" finished-at="2024-10-09T13:17:12 GMT+05:30" duration-ms="333" status="PASS">
          <reporter-output>
          </reporter-output>
        </test-method> <!-- setUpClass -->
        <test-method is-config="true" signature="BeforeTest()[pri:0, instance:com.script.runner.PopupFunctionsRunner@79da8dc5]" started-at="2024-10-09T13:17:12 GMT+05:30" name="BeforeTest" finished-at="2024-10-09T13:17:12 GMT+05:30" duration-ms="4" status="PASS">
          <reporter-output>
          </reporter-output>
        </test-method> <!-- BeforeTest -->
        <test-method signature="runScenario(io.cucumber.testng.PickleWrapper,io.cucumber.testng.FeatureWrapper)[pri:0, instance:com.script.runner.PopupFunctionsRunner@79da8dc5]" started-at="2024-10-09T13:17:12 GMT+05:30" name="runScenario" description="Runs Cucumber Scenarios" data-provider="scenarios" finished-at="2024-10-09T13:17:47 GMT+05:30" duration-ms="35389" status="PASS">
          <params>
            <param index="0">
              <value>
                <![CDATA["PopupFunctions - To verify that user should be able to add the marker to the location from the popup option"]]>
              </value>
            </param>
            <param index="1">
              <value>
                <![CDATA["Optional[Scenarios for Popup Functions]"]]>
              </value>
            </param>
          </params>
          <reporter-output>
          </reporter-output>
        </test-method> <!-- runScenario -->
        <test-method signature="runScenario(io.cucumber.testng.PickleWrapper,io.cucumber.testng.FeatureWrapper)[pri:0, instance:com.script.runner.PopupFunctionsRunner@79da8dc5]" started-at="2024-10-09T13:17:47 GMT+05:30" name="runScenario" description="Runs Cucumber Scenarios" data-provider="scenarios" finished-at="2024-10-09T13:18:25 GMT+05:30" duration-ms="38011" status="PASS">
          <params>
            <param index="0">
              <value>
                <![CDATA["PopupFunctions - To verify that user should be able to open attribute table from popup window"]]>
              </value>
            </param>
            <param index="1">
              <value>
                <![CDATA["Optional[Scenarios for Popup Functions]"]]>
              </value>
            </param>
          </params>
          <reporter-output>
          </reporter-output>
        </test-method> <!-- runScenario -->
        <test-method is-config="true" signature="tearDownClass()[pri:0, instance:com.script.runner.PopupFunctionsRunner@79da8dc5]" started-at="2024-10-09T13:18:25 GMT+05:30" name="tearDownClass" finished-at="2024-10-09T13:18:25 GMT+05:30" duration-ms="65" status="PASS">
          <reporter-output>
          </reporter-output>
        </test-method> <!-- tearDownClass -->
        <test-method is-config="true" signature="SendEmail()[pri:0, instance:com.script.runner.PopupFunctionsRunner@79da8dc5]" started-at="2024-10-09T13:18:25 GMT+05:30" name="SendEmail" finished-at="2024-10-09T13:18:31 GMT+05:30" duration-ms="6256" status="PASS">
          <reporter-output>
          </reporter-output>
        </test-method> <!-- SendEmail -->
      </class> <!-- com.script.runner.PopupFunctionsRunner -->
    </test> <!-- Default test -->
  </suite> <!-- Default suite -->
</testng-results>
